23:17:32 **** Incremental Build of configuration Debug for project World ****
make all 
make: Nothing to be done for `all'.
23:18:26 **** Incremental Build of configuration Debug for project World ****
make all 
make: Nothing to be done for `all'.
23:31:20 **** Incremental Build of configuration Debug for project World ****
make all 
Building file: ../src/World.cpp
Invoking: GCC C++ Compiler
g++ -O0 -g3 -Wall -c -fmessage-length=0 -MMD -MP -MF"src/World.d" -MT"src/World.d" -o "src/World.o" "../src/World.cpp"
../src/World.cpp: In function ‘int main()’:
../src/World.cpp:15:28: error: in C++98 ‘arr’ must be initialized by constructor, not by ‘{...}’
  vector<int> arr = {1,2,3,4};
                            ^
../src/World.cpp:15:28: error: could not convert ‘{1, 2, 3, 4}’ from ‘<brace-enclosed initializer list>’ to ‘std::vector<int>’
../src/World.cpp:17:13: error: no match for ‘operator!=’ (operand types are ‘int’ and ‘std::vector<int>::iterator {aka __gnu_cxx::__normal_iterator<int*, std::vector<int> >}’)
  while(curr != arr.end())
             ^
../src/World.cpp:17:13: note: candidates are:
In file included from /usr/include/c++/4.8/iosfwd:40:0,
                 from /usr/include/c++/4.8/ios:38,
                 from /usr/include/c++/4.8/ostream:38,
                 from /usr/include/c++/4.8/iostream:39,
                 from ../src/World.cpp:9:
/usr/include/c++/4.8/bits/postypes.h:221:5: note: template<class _StateT> bool std::operator!=(const std::fpos<_StateT>&, const std::fpos<_StateT>&)
     operator!=(const fpos<_StateT>& __lhs, const fpos<_StateT>& __rhs)
     ^
/usr/include/c++/4.8/bits/postypes.h:221:5: note:   template argument deduction/substitution failed:
../src/World.cpp:17:24: note:   mismatched types ‘const std::fpos<_StateT>’ and ‘int’
  while(curr != arr.end())
                        ^
In file included from /usr/include/c++/4.8/bits/stl_algobase.h:64:0,
                 from /usr/include/c++/4.8/bits/char_traits.h:39,
                 from /usr/include/c++/4.8/ios:40,
                 from /usr/include/c++/4.8/ostream:38,
                 from /usr/include/c++/4.8/iostream:39,
                 from ../src/World.cpp:9:
/usr/include/c++/4.8/bits/stl_pair.h:227:5: note: template<class _T1, class _T2> bool std::operator!=(const std::pair<_T1, _T2>&, const std::pair<_T1, _T2>&)
     operator!=(const pair<_T1, _T2>& __x, const pair<_T1, _T2>& __y)
     ^
/usr/include/c++/4.8/bits/stl_pair.h:227:5: note:   template argument deduction/substitution failed:
../src/World.cpp:17:24: note:   mismatched types ‘const std::pair<_T1, _T2>’ and ‘int’
  while(curr != arr.end())
                        ^
In file included from /usr/include/c++/4.8/bits/stl_algobase.h:67:0,
                 from /usr/include/c++/4.8/bits/char_traits.h:39,
                 from /usr/include/c++/4.8/ios:40,
                 from /usr/include/c++/4.8/ostream:38,
                 from /usr/include/c++/4.8/iostream:39,
                 from ../src/World.cpp:9:
/usr/include/c++/4.8/bits/stl_iterator.h:303:5: note: template<class _Iterator> bool std::operator!=(const std::reverse_iterator<_Iterator>&, const std::reverse_iterator<_Iterator>&)
     operator!=(const reverse_iterator<_Iterator>& __x,
     ^
/usr/include/c++/4.8/bits/stl_iterator.h:303:5: note:   template argument deduction/substitution failed:
../src/World.cpp:17:24: note:   mismatched types ‘const std::reverse_iterator<_Iterator>’ and ‘int’
  while(curr != arr.end())
                        ^
In file included from /usr/include/c++/4.8/bits/stl_algobase.h:67:0,
                 from /usr/include/c++/4.8/bits/char_traits.h:39,
                 from /usr/include/c++/4.8/ios:40,
                 from /usr/include/c++/4.8/ostream:38,
                 from /usr/include/c++/4.8/iostream:39,
                 from ../src/World.cpp:9:
/usr/include/c++/4.8/bits/stl_iterator.h:353:5: note: template<class _IteratorL, class _IteratorR> bool std::operator!=(const std::reverse_iterator<_Iterator>&, const std::reverse_iterator<_IteratorR>&)
     operator!=(const reverse_iterator<_IteratorL>& __x,
     ^
/usr/include/c++/4.8/bits/stl_iterator.h:353:5: note:   template argument deduction/substitution failed:
../src/World.cpp:17:24: note:   mismatched types ‘const std::reverse_iterator<_Iterator>’ and ‘int’
  while(curr != arr.end())
                        ^
In file included from /usr/include/c++/4.8/string:41:0,
                 from /usr/include/c++/4.8/bits/locale_classes.h:40,
                 from /usr/include/c++/4.8/bits/ios_base.h:41,
                 from /usr/include/c++/4.8/ios:42,
                 from /usr/include/c++/4.8/ostream:38,
                 from /usr/include/c++/4.8/iostream:39,
                 from ../src/World.cpp:9:
/usr/include/c++/4.8/bits/allocator.h:138:5: note: template<class _T1, class _T2> bool std::operator!=(const std::allocator<_CharT>&, const std::allocator<_T2>&)
     operator!=(const allocator<_T1>&, const allocator<_T2>&)
     ^
/usr/include/c++/4.8/bits/allocator.h:138:5: note:   template argument deduction/substitution failed:
../src/World.cpp:17:24: note:   mismatched types ‘const std::allocator<_CharT>’ and ‘int’
  while(curr != arr.end())
                        ^
In file included from /usr/include/c++/4.8/string:41:0,
                 from /usr/include/c++/4.8/bits/locale_classes.h:40,
                 from /usr/include/c++/4.8/bits/ios_base.h:41,
                 from /usr/include/c++/4.8/ios:42,
                 from /usr/include/c++/4.8/ostream:38,
                 from /usr/include/c++/4.8/iostream:39,
                 from ../src/World.cpp:9:
/usr/include/c++/4.8/bits/allocator.h:143:5: note: template<class _Tp> bool std::operator!=(const std::allocator<_CharT>&, const std::allocator<_CharT>&)
     operator!=(const allocator<_Tp>&, const allocator<_Tp>&)
     ^
/usr/include/c++/4.8/bits/allocator.h:143:5: note:   template argument deduction/substitution failed:
../src/World.cpp:17:24: note:   mismatched types ‘const std::allocator<_CharT>’ and ‘int’
  while(curr != arr.end())
                        ^
In file included from /usr/include/c++/4.8/string:52:0,
                 from /usr/include/c++/4.8/bits/locale_classes.h:40,
                 from /usr/include/c++/4.8/bits/ios_base.h:41,
                 from /usr/include/c++/4.8/ios:42,
                 from /usr/include/c++/4.8/ostream:38,
                 from /usr/include/c++/4.8/iostream:39,
                 from ../src/World.cpp:9:
/usr/include/c++/4.8/bits/basic_string.h:2532:5: note: template<class _CharT, class _Traits, class _Alloc> bool std::operator!=(const std::basic_string<_CharT, _Traits, _Alloc>&, const std::basic_string<_CharT, _Traits, _Alloc>&)
     operator!=(const basic_string<_CharT, _Traits, _Alloc>& __lhs,
     ^
/usr/include/c++/4.8/bits/basic_string.h:2532:5: note:   template argument deduction/substitution failed:
../src/World.cpp:17:24: note:   mismatched types ‘const std::basic_string<_CharT, _Traits, _Alloc>’ and ‘int’
  while(curr != arr.end())
                        ^
In file included from /usr/include/c++/4.8/string:52:0,
                 from /usr/include/c++/4.8/bits/locale_classes.h:40,
                 from /usr/include/c++/4.8/bits/ios_base.h:41,
                 from /usr/include/c++/4.8/ios:42,
                 from /usr/include/c++/4.8/ostream:38,
                 from /usr/include/c++/4.8/iostream:39,
                 from ../src/World.cpp:9:
/usr/include/c++/4.8/bits/basic_string.h:2544:5: note: template<class _CharT, class _Traits, class _Alloc> bool std::operator!=(const _CharT*, const std::basic_string<_CharT, _Traits, _Alloc>&)
     operator!=(const _CharT* __lhs,
     ^
/usr/include/c++/4.8/bits/basic_string.h:2544:5: note:   template argument deduction/substitution failed:
../src/World.cpp:17:24: note:   mismatched types ‘const _CharT*’ and ‘int’
  while(curr != arr.end())
                        ^
In file included from /usr/include/c++/4.8/string:52:0,
                 from /usr/include/c++/4.8/bits/locale_classes.h:40,
                 from /usr/include/c++/4.8/bits/ios_base.h:41,
                 from /usr/include/c++/4.8/ios:42,
                 from /usr/include/c++/4.8/ostream:38,
                 from /usr/include/c++/4.8/iostream:39,
                 from ../src/World.cpp:9:
/usr/include/c++/4.8/bits/basic_string.h:2556:5: note: template<class _CharT, class _Traits, class _Alloc> bool std::operator!=(const std::basic_string<_CharT, _Traits, _Alloc>&, const _CharT*)
     operator!=(const basic_string<_CharT, _Traits, _Alloc>& __lhs,
     ^
/usr/include/c++/4.8/bits/basic_string.h:2556:5: note:   template argument deduction/substitution failed:
../src/World.cpp:17:24: note:   mismatched types ‘const std::basic_string<_CharT, _Traits, _Alloc>’ and ‘int’
  while(curr != arr.end())
                        ^
In file included from /usr/include/c++/4.8/bits/locale_facets.h:48:0,
                 from /usr/include/c++/4.8/bits/basic_ios.h:37,
                 from /usr/include/c++/4.8/ios:44,
                 from /usr/include/c++/4.8/ostream:38,
                 from /usr/include/c++/4.8/iostream:39,
                 from ../src/World.cpp:9:
/usr/include/c++/4.8/bits/streambuf_iterator.h:210:5: note: template<class _CharT, class _Traits> bool std::operator!=(const std::istreambuf_iterator<_CharT, _Traits>&, const std::istreambuf_iterator<_CharT, _Traits>&)
     operator!=(const istreambuf_iterator<_CharT, _Traits>& __a,
     ^
/usr/include/c++/4.8/bits/streambuf_iterator.h:210:5: note:   template argument deduction/substitution failed:
../src/World.cpp:17:24: note:   mismatched types ‘const std::istreambuf_iterator<_CharT, _Traits>’ and ‘int’
  while(curr != arr.end())
                        ^
In file included from /usr/include/c++/4.8/vector:64:0,
                 from ../src/World.cpp:10:
/usr/include/c++/4.8/bits/stl_vector.h:1428:5: note: template<class _Tp, class _Alloc> bool std::operator!=(const std::vector<_Tp, _Alloc>&, const std::vector<_Tp, _Alloc>&)
     operator!=(const vector<_Tp, _Alloc>& __x, const vector<_Tp, _Alloc>& __y)
     ^
/usr/include/c++/4.8/bits/stl_vector.h:1428:5: note:   template argument deduction/substitution failed:
../src/World.cpp:17:24: note:   mismatched types ‘const std::vector<_Tp, _Alloc>’ and ‘int’
  while(curr != arr.end())
                        ^
In file included from /usr/include/x86_64-linux-gnu/c++/4.8/bits/c++allocator.h:33:0,
                 from /usr/include/c++/4.8/bits/allocator.h:46,
                 from /usr/include/c++/4.8/string:41,
                 from /usr/include/c++/4.8/bits/locale_classes.h:40,
                 from /usr/include/c++/4.8/bits/ios_base.h:41,
                 from /usr/include/c++/4.8/ios:42,
                 from /usr/include/c++/4.8/ostream:38,
                 from /usr/include/c++/4.8/iostream:39,
                 from ../src/World.cpp:9:
/usr/include/c++/4.8/ext/new_allocator.h:144:5: note: template<class _Tp> bool __gnu_cxx::operator!=(const __gnu_cxx::new_allocator<_Tp>&, const __gnu_cxx::new_allocator<_Tp>&)
     operator!=(const new_allocator<_Tp>&, const new_allocator<_Tp>&)
     ^
/usr/include/c++/4.8/ext/new_allocator.h:144:5: note:   template argument deduction/substitution failed:
../src/World.cpp:17:24: note:   mismatched types ‘const __gnu_cxx::new_allocator<_Tp>’ and ‘int’
  while(curr != arr.end())
                        ^
In file included from /usr/include/c++/4.8/bits/stl_algobase.h:67:0,
                 from /usr/include/c++/4.8/bits/char_traits.h:39,
                 from /usr/include/c++/4.8/ios:40,
                 from /usr/include/c++/4.8/ostream:38,
                 from /usr/include/c++/4.8/iostream:39,
                 from ../src/World.cpp:9:
/usr/include/c++/4.8/bits/stl_iterator.h:823:5: note: template<class _Iterator, class _Container> bool __gnu_cxx::operator!=(const __gnu_cxx::__normal_iterator<_Iterator, _Container>&, const __gnu_cxx::__normal_iterator<_Iterator, _Container>&)
     operator!=(const __normal_iterator<_Iterator, _Container>& __lhs,
     ^
/usr/include/c++/4.8/bits/stl_iterator.h:823:5: note:   template argument deduction/substitution failed:
../src/World.cpp:17:24: note:   mismatched types ‘const __gnu_cxx::__normal_iterator<_Iterator, _Container>’ and ‘int’
  while(curr != arr.end())
                        ^
In file included from /usr/include/c++/4.8/bits/stl_algobase.h:67:0,
                 from /usr/include/c++/4.8/bits/char_traits.h:39,
                 from /usr/include/c++/4.8/ios:40,
                 from /usr/include/c++/4.8/ostream:38,
                 from /usr/include/c++/4.8/iostream:39,
                 from ../src/World.cpp:9:
/usr/include/c++/4.8/bits/stl_iterator.h:817:5: note: template<class _IteratorL, class _IteratorR, class _Container> bool __gnu_cxx::operator!=(const __gnu_cxx::__normal_iterator<_IteratorL, _Container>&, const __gnu_cxx::__normal_iterator<_IteratorR, _Container>&)
     operator!=(const __normal_iterator<_IteratorL, _Container>& __lhs,
     ^
/usr/include/c++/4.8/bits/stl_iterator.h:817:5: note:   template argument deduction/substitution failed:
../src/World.cpp:17:24: note:   mismatched types ‘const __gnu_cxx::__normal_iterator<_IteratorL, _Container>’ and ‘int’
  while(curr != arr.end())
                        ^
make: *** [src/World.o] Error 1
23:37:58 **** Incremental Build of configuration Debug for project World ****
make all 
Building file: ../src/World.cpp
Invoking: GCC C++ Compiler
g++ -O0 -g3 -Wall -c -fmessage-length=0 -MMD -MP -MF"src/World.d" -MT"src/World.d" -o "src/World.o" "../src/World.cpp"
../src/World.cpp: In function ‘int main()’:
../src/World.cpp:16:16: warning: extended initializer lists only available with -std=c++11 or -std=gnu++11 [enabled by default]
  arr = { 34,23 };
                ^
../src/World.cpp:16:6: warning: extended initializer lists only available with -std=c++11 or -std=gnu++11 [enabled by default]
  arr = { 34,23 };
      ^
Finished building: ../src/World.cpp
 
Building target: World
Invoking: GCC C++ Linker
g++  -o "World"  ./src/World.o   
Finished building target: World
 
23:40:38 **** Incremental Build of configuration Debug for project World ****
make all 
Building file: ../src/World.cpp
Invoking: GCC C++ Compiler
g++ -O0 -g3 -Wall -c -fmessage-length=0 -MMD -MP -MF"src/World.d" -MT"src/World.d" -o "src/World.o" "../src/World.cpp"
Finished building: ../src/World.cpp
 
Building target: World
Invoking: GCC C++ Linker
g++  -o "World"  ./src/World.o   
Finished building target: World
 
23:40:41 **** Incremental Build of configuration Debug for project World ****
make all 
make: Nothing to be done for `all'.
23:41:19 **** Incremental Build of configuration Debug for project World ****
make all 
Building file: ../src/World.cpp
Invoking: GCC C++ Compiler
g++ -O0 -g3 -Wall -c -fmessage-length=0 -MMD -MP -MF"src/World.d" -MT"src/World.d" -o "src/World.o" "../src/World.cpp"
../src/World.cpp: In function ‘int main()’:
../src/World.cpp:18:13: error: no match for ‘operator!=’ (operand types are ‘int’ and ‘std::vector<int>::iterator {aka __gnu_cxx::__normal_iterator<int*, std::vector<int> >}’)
  while(curr != vec.end())
             ^
../src/World.cpp:18:13: note: candidates are:
In file included from /usr/include/c++/4.8/iosfwd:40:0,
                 from /usr/include/c++/4.8/ios:38,
                 from /usr/include/c++/4.8/ostream:38,
                 from /usr/include/c++/4.8/iostream:39,
                 from ../src/World.cpp:9:
/usr/include/c++/4.8/bits/postypes.h:221:5: note: template<class _StateT> bool std::operator!=(const std::fpos<_StateT>&, const std::fpos<_StateT>&)
     operator!=(const fpos<_StateT>& __lhs, const fpos<_StateT>& __rhs)
     ^
/usr/include/c++/4.8/bits/postypes.h:221:5: note:   template argument deduction/substitution failed:
../src/World.cpp:18:24: note:   mismatched types ‘const std::fpos<_StateT>’ and ‘int’
  while(curr != vec.end())
                        ^
In file included from /usr/include/c++/4.8/bits/stl_algobase.h:64:0,
                 from /usr/include/c++/4.8/bits/char_traits.h:39,
                 from /usr/include/c++/4.8/ios:40,
                 from /usr/include/c++/4.8/ostream:38,
                 from /usr/include/c++/4.8/iostream:39,
                 from ../src/World.cpp:9:
/usr/include/c++/4.8/bits/stl_pair.h:227:5: note: template<class _T1, class _T2> bool std::operator!=(const std::pair<_T1, _T2>&, const std::pair<_T1, _T2>&)
     operator!=(const pair<_T1, _T2>& __x, const pair<_T1, _T2>& __y)
     ^
/usr/include/c++/4.8/bits/stl_pair.h:227:5: note:   template argument deduction/substitution failed:
../src/World.cpp:18:24: note:   mismatched types ‘const std::pair<_T1, _T2>’ and ‘int’
  while(curr != vec.end())
                        ^
In file included from /usr/include/c++/4.8/bits/stl_algobase.h:67:0,
                 from /usr/include/c++/4.8/bits/char_traits.h:39,
                 from /usr/include/c++/4.8/ios:40,
                 from /usr/include/c++/4.8/ostream:38,
                 from /usr/include/c++/4.8/iostream:39,
                 from ../src/World.cpp:9:
/usr/include/c++/4.8/bits/stl_iterator.h:303:5: note: template<class _Iterator> bool std::operator!=(const std::reverse_iterator<_Iterator>&, const std::reverse_iterator<_Iterator>&)
     operator!=(const reverse_iterator<_Iterator>& __x,
     ^
/usr/include/c++/4.8/bits/stl_iterator.h:303:5: note:   template argument deduction/substitution failed:
../src/World.cpp:18:24: note:   mismatched types ‘const std::reverse_iterator<_Iterator>’ and ‘int’
  while(curr != vec.end())
                        ^
In file included from /usr/include/c++/4.8/bits/stl_algobase.h:67:0,
                 from /usr/include/c++/4.8/bits/char_traits.h:39,
                 from /usr/include/c++/4.8/ios:40,
                 from /usr/include/c++/4.8/ostream:38,
                 from /usr/include/c++/4.8/iostream:39,
                 from ../src/World.cpp:9:
/usr/include/c++/4.8/bits/stl_iterator.h:353:5: note: template<class _IteratorL, class _IteratorR> bool std::operator!=(const std::reverse_iterator<_Iterator>&, const std::reverse_iterator<_IteratorR>&)
     operator!=(const reverse_iterator<_IteratorL>& __x,
     ^
/usr/include/c++/4.8/bits/stl_iterator.h:353:5: note:   template argument deduction/substitution failed:
../src/World.cpp:18:24: note:   mismatched types ‘const std::reverse_iterator<_Iterator>’ and ‘int’
  while(curr != vec.end())
                        ^
In file included from /usr/include/c++/4.8/string:41:0,
                 from /usr/include/c++/4.8/bits/locale_classes.h:40,
                 from /usr/include/c++/4.8/bits/ios_base.h:41,
                 from /usr/include/c++/4.8/ios:42,
                 from /usr/include/c++/4.8/ostream:38,
                 from /usr/include/c++/4.8/iostream:39,
                 from ../src/World.cpp:9:
/usr/include/c++/4.8/bits/allocator.h:138:5: note: template<class _T1, class _T2> bool std::operator!=(const std::allocator<_CharT>&, const std::allocator<_T2>&)
     operator!=(const allocator<_T1>&, const allocator<_T2>&)
     ^
/usr/include/c++/4.8/bits/allocator.h:138:5: note:   template argument deduction/substitution failed:
../src/World.cpp:18:24: note:   mismatched types ‘const std::allocator<_CharT>’ and ‘int’
  while(curr != vec.end())
                        ^
In file included from /usr/include/c++/4.8/string:41:0,
                 from /usr/include/c++/4.8/bits/locale_classes.h:40,
                 from /usr/include/c++/4.8/bits/ios_base.h:41,
                 from /usr/include/c++/4.8/ios:42,
                 from /usr/include/c++/4.8/ostream:38,
                 from /usr/include/c++/4.8/iostream:39,
                 from ../src/World.cpp:9:
/usr/include/c++/4.8/bits/allocator.h:143:5: note: template<class _Tp> bool std::operator!=(const std::allocator<_CharT>&, const std::allocator<_CharT>&)
     operator!=(const allocator<_Tp>&, const allocator<_Tp>&)
     ^
/usr/include/c++/4.8/bits/allocator.h:143:5: note:   template argument deduction/substitution failed:
../src/World.cpp:18:24: note:   mismatched types ‘const std::allocator<_CharT>’ and ‘int’
  while(curr != vec.end())
                        ^
In file included from /usr/include/c++/4.8/string:52:0,
                 from /usr/include/c++/4.8/bits/locale_classes.h:40,
                 from /usr/include/c++/4.8/bits/ios_base.h:41,
                 from /usr/include/c++/4.8/ios:42,
                 from /usr/include/c++/4.8/ostream:38,
                 from /usr/include/c++/4.8/iostream:39,
                 from ../src/World.cpp:9:
/usr/include/c++/4.8/bits/basic_string.h:2532:5: note: template<class _CharT, class _Traits, class _Alloc> bool std::operator!=(const std::basic_string<_CharT, _Traits, _Alloc>&, const std::basic_string<_CharT, _Traits, _Alloc>&)
     operator!=(const basic_string<_CharT, _Traits, _Alloc>& __lhs,
     ^
/usr/include/c++/4.8/bits/basic_string.h:2532:5: note:   template argument deduction/substitution failed:
../src/World.cpp:18:24: note:   mismatched types ‘const std::basic_string<_CharT, _Traits, _Alloc>’ and ‘int’
  while(curr != vec.end())
                        ^
In file included from /usr/include/c++/4.8/string:52:0,
                 from /usr/include/c++/4.8/bits/locale_classes.h:40,
                 from /usr/include/c++/4.8/bits/ios_base.h:41,
                 from /usr/include/c++/4.8/ios:42,
                 from /usr/include/c++/4.8/ostream:38,
                 from /usr/include/c++/4.8/iostream:39,
                 from ../src/World.cpp:9:
/usr/include/c++/4.8/bits/basic_string.h:2544:5: note: template<class _CharT, class _Traits, class _Alloc> bool std::operator!=(const _CharT*, const std::basic_string<_CharT, _Traits, _Alloc>&)
     operator!=(const _CharT* __lhs,
     ^
/usr/include/c++/4.8/bits/basic_string.h:2544:5: note:   template argument deduction/substitution failed:
../src/World.cpp:18:24: note:   mismatched types ‘const _CharT*’ and ‘int’
  while(curr != vec.end())
                        ^
In file included from /usr/include/c++/4.8/string:52:0,
                 from /usr/include/c++/4.8/bits/locale_classes.h:40,
                 from /usr/include/c++/4.8/bits/ios_base.h:41,
                 from /usr/include/c++/4.8/ios:42,
                 from /usr/include/c++/4.8/ostream:38,
                 from /usr/include/c++/4.8/iostream:39,
                 from ../src/World.cpp:9:
/usr/include/c++/4.8/bits/basic_string.h:2556:5: note: template<class _CharT, class _Traits, class _Alloc> bool std::operator!=(const std::basic_string<_CharT, _Traits, _Alloc>&, const _CharT*)
     operator!=(const basic_string<_CharT, _Traits, _Alloc>& __lhs,
     ^
/usr/include/c++/4.8/bits/basic_string.h:2556:5: note:   template argument deduction/substitution failed:
../src/World.cpp:18:24: note:   mismatched types ‘const std::basic_string<_CharT, _Traits, _Alloc>’ and ‘int’
  while(curr != vec.end())
                        ^
In file included from /usr/include/c++/4.8/bits/locale_facets.h:48:0,
                 from /usr/include/c++/4.8/bits/basic_ios.h:37,
                 from /usr/include/c++/4.8/ios:44,
                 from /usr/include/c++/4.8/ostream:38,
                 from /usr/include/c++/4.8/iostream:39,
                 from ../src/World.cpp:9:
/usr/include/c++/4.8/bits/streambuf_iterator.h:210:5: note: template<class _CharT, class _Traits> bool std::operator!=(const std::istreambuf_iterator<_CharT, _Traits>&, const std::istreambuf_iterator<_CharT, _Traits>&)
     operator!=(const istreambuf_iterator<_CharT, _Traits>& __a,
     ^
/usr/include/c++/4.8/bits/streambuf_iterator.h:210:5: note:   template argument deduction/substitution failed:
../src/World.cpp:18:24: note:   mismatched types ‘const std::istreambuf_iterator<_CharT, _Traits>’ and ‘int’
  while(curr != vec.end())
                        ^
In file included from /usr/include/c++/4.8/vector:64:0,
                 from ../src/World.cpp:10:
/usr/include/c++/4.8/bits/stl_vector.h:1428:5: note: template<class _Tp, class _Alloc> bool std::operator!=(const std::vector<_Tp, _Alloc>&, const std::vector<_Tp, _Alloc>&)
     operator!=(const vector<_Tp, _Alloc>& __x, const vector<_Tp, _Alloc>& __y)
     ^
/usr/include/c++/4.8/bits/stl_vector.h:1428:5: note:   template argument deduction/substitution failed:
../src/World.cpp:18:24: note:   mismatched types ‘const std::vector<_Tp, _Alloc>’ and ‘int’
  while(curr != vec.end())
                        ^
In file included from /usr/include/x86_64-linux-gnu/c++/4.8/bits/c++allocator.h:33:0,
                 from /usr/include/c++/4.8/bits/allocator.h:46,
                 from /usr/include/c++/4.8/string:41,
                 from /usr/include/c++/4.8/bits/locale_classes.h:40,
                 from /usr/include/c++/4.8/bits/ios_base.h:41,
                 from /usr/include/c++/4.8/ios:42,
                 from /usr/include/c++/4.8/ostream:38,
                 from /usr/include/c++/4.8/iostream:39,
                 from ../src/World.cpp:9:
/usr/include/c++/4.8/ext/new_allocator.h:144:5: note: template<class _Tp> bool __gnu_cxx::operator!=(const __gnu_cxx::new_allocator<_Tp>&, const __gnu_cxx::new_allocator<_Tp>&)
     operator!=(const new_allocator<_Tp>&, const new_allocator<_Tp>&)
     ^
/usr/include/c++/4.8/ext/new_allocator.h:144:5: note:   template argument deduction/substitution failed:
../src/World.cpp:18:24: note:   mismatched types ‘const __gnu_cxx::new_allocator<_Tp>’ and ‘int’
  while(curr != vec.end())
                        ^
In file included from /usr/include/c++/4.8/bits/stl_algobase.h:67:0,
                 from /usr/include/c++/4.8/bits/char_traits.h:39,
                 from /usr/include/c++/4.8/ios:40,
                 from /usr/include/c++/4.8/ostream:38,
                 from /usr/include/c++/4.8/iostream:39,
                 from ../src/World.cpp:9:
/usr/include/c++/4.8/bits/stl_iterator.h:823:5: note: template<class _Iterator, class _Container> bool __gnu_cxx::operator!=(const __gnu_cxx::__normal_iterator<_Iterator, _Container>&, const __gnu_cxx::__normal_iterator<_Iterator, _Container>&)
     operator!=(const __normal_iterator<_Iterator, _Container>& __lhs,
     ^
/usr/include/c++/4.8/bits/stl_iterator.h:823:5: note:   template argument deduction/substitution failed:
../src/World.cpp:18:24: note:   mismatched types ‘const __gnu_cxx::__normal_iterator<_Iterator, _Container>’ and ‘int’
  while(curr != vec.end())
                        ^
In file included from /usr/include/c++/4.8/bits/stl_algobase.h:67:0,
                 from /usr/include/c++/4.8/bits/char_traits.h:39,
                 from /usr/include/c++/4.8/ios:40,
                 from /usr/include/c++/4.8/ostream:38,
                 from /usr/include/c++/4.8/iostream:39,
                 from ../src/World.cpp:9:
/usr/include/c++/4.8/bits/stl_iterator.h:817:5: note: template<class _IteratorL, class _IteratorR, class _Container> bool __gnu_cxx::operator!=(const __gnu_cxx::__normal_iterator<_IteratorL, _Container>&, const __gnu_cxx::__normal_iterator<_IteratorR, _Container>&)
     operator!=(const __normal_iterator<_IteratorL, _Container>& __lhs,
     ^
/usr/include/c++/4.8/bits/stl_iterator.h:817:5: note:   template argument deduction/substitution failed:
../src/World.cpp:18:24: note:   mismatched types ‘const __gnu_cxx::__normal_iterator<_IteratorL, _Container>’ and ‘int’
  while(curr != vec.end())
                        ^
make: *** [src/World.o] Error 1
23:43:15 **** Incremental Build of configuration Debug for project World ****
make all 
Building file: ../src/World.cpp
Invoking: GCC C++ Compiler
g++ -O0 -g3 -Wall -c -fmessage-length=0 -MMD -MP -MF"src/World.d" -MT"src/World.d" -o "src/World.o" "../src/World.cpp"
../src/World.cpp: In function ‘int main()’:
../src/World.cpp:17:6: warning: unused variable ‘curr’ [-Wunused-variable]
  int curr = vec.front();
      ^
Finished building: ../src/World.cpp
 
Building target: World
Invoking: GCC C++ Linker
g++  -o "World"  ./src/World.o   
Finished building target: World
 
23:43:16 **** Incremental Build of configuration Debug for project World ****
make all 
make: Nothing to be done for `all'.
23:43:35 **** Incremental Build of configuration Debug for project World ****
make all 
Building file: ../src/World.cpp
Invoking: GCC C++ Compiler
g++ -O0 -g3 -Wall -c -fmessage-length=0 -MMD -MP -MF"src/World.d" -MT"src/World.d" -o "src/World.o" "../src/World.cpp"
Finished building: ../src/World.cpp
 
Building target: World
Invoking: GCC C++ Linker
g++  -o "World"  ./src/World.o   
Finished building target: World
 
23:44:08 **** Incremental Build of configuration Debug for project World ****
make all 
Building file: ../src/World.cpp
Invoking: GCC C++ Compiler
g++ -O0 -g3 -Wall -c -fmessage-length=0 -MMD -MP -MF"src/World.d" -MT"src/World.d" -o "src/World.o" "../src/World.cpp"
../src/World.cpp: In function ‘int main()’:
../src/World.cpp:18:23: error: no match for ‘operator<<’ (operand types are ‘std::basic_ostream<char>’ and ‘std::vector<int>::iterator {aka __gnu_cxx::__normal_iterator<int*, std::vector<int> >}’)
      std::cout << ' ' << it;
                       ^
../src/World.cpp:18:23: note: candidates are:
In file included from /usr/include/c++/4.8/iostream:39:0,
                 from ../src/World.cpp:9:
/usr/include/c++/4.8/ostream:108:7: note: std::basic_ostream<_CharT, _Traits>::__ostream_type& std::basic_ostream<_CharT, _Traits>::operator<<(std::basic_ostream<_CharT, _Traits>::__ostream_type& (*)(std::basic_ostream<_CharT, _Traits>::__ostream_type&)) [with _CharT = char; _Traits = std::char_traits<char>; std::basic_ostream<_CharT, _Traits>::__ostream_type = std::basic_ostream<char>]
       operator<<(__ostream_type& (*__pf)(__ostream_type&))
       ^
/usr/include/c++/4.8/ostream:108:7: note:   no known conversion for argument 1 from ‘std::vector<int>::iterator {aka __gnu_cxx::__normal_iterator<int*, std::vector<int> >}’ to ‘std::basic_ostream<char>::__ostream_type& (*)(std::basic_ostream<char>::__ostream_type&) {aka std::basic_ostream<char>& (*)(std::basic_ostream<char>&)}’
/usr/include/c++/4.8/ostream:117:7: note: std::basic_ostream<_CharT, _Traits>::__ostream_type& std::basic_ostream<_CharT, _Traits>::operator<<(std::basic_ostream<_CharT, _Traits>::__ios_type& (*)(std::basic_ostream<_CharT, _Traits>::__ios_type&)) [with _CharT = char; _Traits = std::char_traits<char>; std::basic_ostream<_CharT, _Traits>::__ostream_type = std::basic_ostream<char>; std::basic_ostream<_CharT, _Traits>::__ios_type = std::basic_ios<char>]
       operator<<(__ios_type& (*__pf)(__ios_type&))
       ^
/usr/include/c++/4.8/ostream:117:7: note:   no known conversion for argument 1 from ‘std::vector<int>::iterator {aka __gnu_cxx::__normal_iterator<int*, std::vector<int> >}’ to ‘std::basic_ostream<char>::__ios_type& (*)(std::basic_ostream<char>::__ios_type&) {aka std::basic_ios<char>& (*)(std::basic_ios<char>&)}’
/usr/include/c++/4.8/ostream:127:7: note: std::basic_ostream<_CharT, _Traits>::__ostream_type& std::basic_ostream<_CharT, _Traits>::operator<<(std::ios_base& (*)(std::ios_base&)) [with _CharT = char; _Traits = std::char_traits<char>; std::basic_ostream<_CharT, _Traits>::__ostream_type = std::basic_ostream<char>]
       operator<<(ios_base& (*__pf) (ios_base&))
       ^
/usr/include/c++/4.8/ostream:127:7: note:   no known conversion for argument 1 from ‘std::vector<int>::iterator {aka __gnu_cxx::__normal_iterator<int*, std::vector<int> >}’ to ‘std::ios_base& (*)(std::ios_base&)’
/usr/include/c++/4.8/ostream:166:7: note: std::basic_ostream<_CharT, _Traits>::__ostream_type& std::basic_ostream<_CharT, _Traits>::operator<<(long int) [with _CharT = char; _Traits = std::char_traits<char>; std::basic_ostream<_CharT, _Traits>::__ostream_type = std::basic_ostream<char>]
       operator<<(long __n)
       ^
/usr/include/c++/4.8/ostream:166:7: note:   no known conversion for argument 1 from ‘std::vector<int>::iterator {aka __gnu_cxx::__normal_iterator<int*, std::vector<int> >}’ to ‘long int’
/usr/include/c++/4.8/ostream:170:7: note: std::basic_ostream<_CharT, _Traits>::__ostream_type& std::basic_ostream<_CharT, _Traits>::operator<<(long unsigned int) [with _CharT = char; _Traits = std::char_traits<char>; std::basic_ostream<_CharT, _Traits>::__ostream_type = std::basic_ostream<char>]
       operator<<(unsigned long __n)
       ^
/usr/include/c++/4.8/ostream:170:7: note:   no known conversion for argument 1 from ‘std::vector<int>::iterator {aka __gnu_cxx::__normal_iterator<int*, std::vector<int> >}’ to ‘long unsigned int’
/usr/include/c++/4.8/ostream:174:7: note: std::basic_ostream<_CharT, _Traits>::__ostream_type& std::basic_ostream<_CharT, _Traits>::operator<<(bool) [with _CharT = char; _Traits = std::char_traits<char>; std::basic_ostream<_CharT, _Traits>::__ostream_type = std::basic_ostream<char>]
       operator<<(bool __n)
       ^
/usr/include/c++/4.8/ostream:174:7: note:   no known conversion for argument 1 from ‘std::vector<int>::iterator {aka __gnu_cxx::__normal_iterator<int*, std::vector<int> >}’ to ‘bool’
In file included from /usr/include/c++/4.8/ostream:612:0,
                 from /usr/include/c++/4.8/iostream:39,
                 from ../src/World.cpp:9:
/usr/include/c++/4.8/bits/ostream.tcc:91:5: note: std::basic_ostream<_CharT, _Traits>& std::basic_ostream<_CharT, _Traits>::operator<<(short int) [with _CharT = char; _Traits = std::char_traits<char>]
     basic_ostream<_CharT, _Traits>::
     ^
/usr/include/c++/4.8/bits/ostream.tcc:91:5: note:   no known conversion for argument 1 from ‘std::vector<int>::iterator {aka __gnu_cxx::__normal_iterator<int*, std::vector<int> >}’ to ‘short int’
In file included from /usr/include/c++/4.8/iostream:39:0,
                 from ../src/World.cpp:9:
/usr/include/c++/4.8/ostream:181:7: note: std::basic_ostream<_CharT, _Traits>::__ostream_type& std::basic_ostream<_CharT, _Traits>::operator<<(short unsigned int) [with _CharT = char; _Traits = std::char_traits<char>; std::basic_ostream<_CharT, _Traits>::__ostream_type = std::basic_ostream<char>]
       operator<<(unsigned short __n)
       ^
/usr/include/c++/4.8/ostream:181:7: note:   no known conversion for argument 1 from ‘std::vector<int>::iterator {aka __gnu_cxx::__normal_iterator<int*, std::vector<int> >}’ to ‘short unsigned int’
In file included from /usr/include/c++/4.8/ostream:612:0,
                 from /usr/include/c++/4.8/iostream:39,
                 from ../src/World.cpp:9:
/usr/include/c++/4.8/bits/ostream.tcc:105:5: note: std::basic_ostream<_CharT, _Traits>& std::basic_ostream<_CharT, _Traits>::operator<<(int) [with _CharT = char; _Traits = std::char_traits<char>]
     basic_ostream<_CharT, _Traits>::
     ^
/usr/include/c++/4.8/bits/ostream.tcc:105:5: note:   no known conversion for argument 1 from ‘std::vector<int>::iterator {aka __gnu_cxx::__normal_iterator<int*, std::vector<int> >}’ to ‘int’
In file included from /usr/include/c++/4.8/iostream:39:0,
                 from ../src/World.cpp:9:
/usr/include/c++/4.8/ostream:192:7: note: std::basic_ostream<_CharT, _Traits>::__ostream_type& std::basic_ostream<_CharT, _Traits>::operator<<(unsigned int) [with _CharT = char; _Traits = std::char_traits<char>; std::basic_ostream<_CharT, _Traits>::__ostream_type = std::basic_ostream<char>]
       operator<<(unsigned int __n)
       ^
/usr/include/c++/4.8/ostream:192:7: note:   no known conversion for argument 1 from ‘std::vector<int>::iterator {aka __gnu_cxx::__normal_iterator<int*, std::vector<int> >}’ to ‘unsigned int’
/usr/include/c++/4.8/ostream:201:7: note: std::basic_ostream<_CharT, _Traits>::__ostream_type& std::basic_ostream<_CharT, _Traits>::operator<<(long long int) [with _CharT = char; _Traits = std::char_traits<char>; std::basic_ostream<_CharT, _Traits>::__ostream_type = std::basic_ostream<char>]
       operator<<(long long __n)
       ^
/usr/include/c++/4.8/ostream:201:7: note:   no known conversion for argument 1 from ‘std::vector<int>::iterator {aka __gnu_cxx::__normal_iterator<int*, std::vector<int> >}’ to ‘long long int’
/usr/include/c++/4.8/ostream:205:7: note: std::basic_ostream<_CharT, _Traits>::__ostream_type& std::basic_ostream<_CharT, _Traits>::operator<<(long long unsigned int) [with _CharT = char; _Traits = std::char_traits<char>; std::basic_ostream<_CharT, _Traits>::__ostream_type = std::basic_ostream<char>]
       operator<<(unsigned long long __n)
       ^
/usr/include/c++/4.8/ostream:205:7: note:   no known conversion for argument 1 from ‘std::vector<int>::iterator {aka __gnu_cxx::__normal_iterator<int*, std::vector<int> >}’ to ‘long long unsigned int’
/usr/include/c++/4.8/ostream:220:7: note: std::basic_ostream<_CharT, _Traits>::__ostream_type& std::basic_ostream<_CharT, _Traits>::operator<<(double) [with _CharT = char; _Traits = std::char_traits<char>; std::basic_ostream<_CharT, _Traits>::__ostream_type = std::basic_ostream<char>]
       operator<<(double __f)
       ^
/usr/include/c++/4.8/ostream:220:7: note:   no known conversion for argument 1 from ‘std::vector<int>::iterator {aka __gnu_cxx::__normal_iterator<int*, std::vector<int> >}’ to ‘double’
/usr/include/c++/4.8/ostream:224:7: note: std::basic_ostream<_CharT, _Traits>::__ostream_type& std::basic_ostream<_CharT, _Traits>::operator<<(float) [with _CharT = char; _Traits = std::char_traits<char>; std::basic_ostream<_CharT, _Traits>::__ostream_type = std::basic_ostream<char>]
       operator<<(float __f)
       ^
/usr/include/c++/4.8/ostream:224:7: note:   no known conversion for argument 1 from ‘std::vector<int>::iterator {aka __gnu_cxx::__normal_iterator<int*, std::vector<int> >}’ to ‘float’
/usr/include/c++/4.8/ostream:232:7: note: std::basic_ostream<_CharT, _Traits>::__ostream_type& std::basic_ostream<_CharT, _Traits>::operator<<(long double) [with _CharT = char; _Traits = std::char_traits<char>; std::basic_ostream<_CharT, _Traits>::__ostream_type = std::basic_ostream<char>]
       operator<<(long double __f)
       ^
/usr/include/c++/4.8/ostream:232:7: note:   no known conversion for argument 1 from ‘std::vector<int>::iterator {aka __gnu_cxx::__normal_iterator<int*, std::vector<int> >}’ to ‘long double’
/usr/include/c++/4.8/ostream:245:7: note: std::basic_ostream<_CharT, _Traits>::__ostream_type& std::basic_ostream<_CharT, _Traits>::operator<<(const void*) [with _CharT = char; _Traits = std::char_traits<char>; std::basic_ostream<_CharT, _Traits>::__ostream_type = std::basic_ostream<char>]
       operator<<(const void* __p)
       ^
/usr/include/c++/4.8/ostream:245:7: note:   no known conversion for argument 1 from ‘std::vector<int>::iterator {aka __gnu_cxx::__normal_iterator<int*, std::vector<int> >}’ to ‘const void*’
In file included from /usr/include/c++/4.8/ostream:612:0,
                 from /usr/include/c++/4.8/iostream:39,
                 from ../src/World.cpp:9:
/usr/include/c++/4.8/bits/ostream.tcc:119:5: note: std::basic_ostream<_CharT, _Traits>& std::basic_ostream<_CharT, _Traits>::operator<<(std::basic_ostream<_CharT, _Traits>::__streambuf_type*) [with _CharT = char; _Traits = std::char_traits<char>; std::basic_ostream<_CharT, _Traits>::__streambuf_type = std::basic_streambuf<char>]
     basic_ostream<_CharT, _Traits>::
     ^
/usr/include/c++/4.8/bits/ostream.tcc:119:5: note:   no known conversion for argument 1 from ‘std::vector<int>::iterator {aka __gnu_cxx::__normal_iterator<int*, std::vector<int> >}’ to ‘std::basic_ostream<char>::__streambuf_type* {aka std::basic_streambuf<char>*}’
In file included from /usr/include/c++/4.8/string:52:0,
                 from /usr/include/c++/4.8/bits/locale_classes.h:40,
                 from /usr/include/c++/4.8/bits/ios_base.h:41,
                 from /usr/include/c++/4.8/ios:42,
                 from /usr/include/c++/4.8/ostream:38,
                 from /usr/include/c++/4.8/iostream:39,
                 from ../src/World.cpp:9:
/usr/include/c++/4.8/bits/basic_string.h:2753:5: note: template<class _CharT, class _Traits, class _Alloc> std::basic_ostream<_CharT, _Traits>& std::operator<<(std::basic_ostream<_CharT, _Traits>&, const std::basic_string<_CharT, _Traits, _Alloc>&)
     operator<<(basic_ostream<_CharT, _Traits>& __os,
     ^
/usr/include/c++/4.8/bits/basic_string.h:2753:5: note:   template argument deduction/substitution failed:
../src/World.cpp:18:26: note:   ‘std::vector<int>::iterator {aka __gnu_cxx::__normal_iterator<int*, std::vector<int> >}’ is not derived from ‘const std::basic_string<_CharT, _Traits, _Alloc>’
      std::cout << ' ' << it;
                          ^
In file included from /usr/include/c++/4.8/iostream:39:0,
                 from ../src/World.cpp:9:
/usr/include/c++/4.8/ostream:471:5: note: template<class _CharT, class _Traits> std::basic_ostream<_CharT, _Traits>& std::operator<<(std::basic_ostream<_CharT, _Traits>&, _CharT)
     operator<<(basic_ostream<_CharT, _Traits>& __out, _CharT __c)
     ^
/usr/include/c++/4.8/ostream:471:5: note:   template argument deduction/substitution failed:
../src/World.cpp:18:26: note:   deduced conflicting types for parameter ‘_CharT’ (‘char’ and ‘__gnu_cxx::__normal_iterator<int*, std::vector<int> >’)
      std::cout << ' ' << it;
                          ^
In file included from /usr/include/c++/4.8/iostream:39:0,
                 from ../src/World.cpp:9:
/usr/include/c++/4.8/ostream:476:5: note: template<class _CharT, class _Traits> std::basic_ostream<_CharT, _Traits>& std::operator<<(std::basic_ostream<_CharT, _Traits>&, char)
     operator<<(basic_ostream<_CharT, _Traits>& __out, char __c)
     ^
/usr/include/c++/4.8/ostream:476:5: note:   template argument deduction/substitution failed:
../src/World.cpp:18:26: note:   cannot convert ‘it’ (type ‘std::vector<int>::iterator {aka __gnu_cxx::__normal_iterator<int*, std::vector<int> >}’) to type ‘char’
      std::cout << ' ' << it;
                          ^
In file included from /usr/include/c++/4.8/iostream:39:0,
                 from ../src/World.cpp:9:
/usr/include/c++/4.8/ostream:482:5: note: template<class _Traits> std::basic_ostream<char, _Traits>& std::operator<<(std::basic_ostream<char, _Traits>&, char)
     operator<<(basic_ostream<char, _Traits>& __out, char __c)
     ^
/usr/include/c++/4.8/ostream:482:5: note:   template argument deduction/substitution failed:
../src/World.cpp:18:26: note:   cannot convert ‘it’ (type ‘std::vector<int>::iterator {aka __gnu_cxx::__normal_iterator<int*, std::vector<int> >}’) to type ‘char’
      std::cout << ' ' << it;
                          ^
In file included from /usr/include/c++/4.8/iostream:39:0,
                 from ../src/World.cpp:9:
/usr/include/c++/4.8/ostream:488:5: note: template<class _Traits> std::basic_ostream<char, _Traits>& std::operator<<(std::basic_ostream<char, _Traits>&, signed char)
     operator<<(basic_ostream<char, _Traits>& __out, signed char __c)
     ^
/usr/include/c++/4.8/ostream:488:5: note:   template argument deduction/substitution failed:
../src/World.cpp:18:26: note:   cannot convert ‘it’ (type ‘std::vector<int>::iterator {aka __gnu_cxx::__normal_iterator<int*, std::vector<int> >}’) to type ‘signed char’
      std::cout << ' ' << it;
                          ^
In file included from /usr/include/c++/4.8/iostream:39:0,
                 from ../src/World.cpp:9:
/usr/include/c++/4.8/ostream:493:5: note: template<class _Traits> std::basic_ostream<char, _Traits>& std::operator<<(std::basic_ostream<char, _Traits>&, unsigned char)
     operator<<(basic_ostream<char, _Traits>& __out, unsigned char __c)
     ^
/usr/include/c++/4.8/ostream:493:5: note:   template argument deduction/substitution failed:
../src/World.cpp:18:26: note:   cannot convert ‘it’ (type ‘std::vector<int>::iterator {aka __gnu_cxx::__normal_iterator<int*, std::vector<int> >}’) to type ‘unsigned char’
      std::cout << ' ' << it;
                          ^
In file included from /usr/include/c++/4.8/iostream:39:0,
                 from ../src/World.cpp:9:
/usr/include/c++/4.8/ostream:513:5: note: template<class _CharT, class _Traits> std::basic_ostream<_CharT, _Traits>& std::operator<<(std::basic_ostream<_CharT, _Traits>&, const _CharT*)
     operator<<(basic_ostream<_CharT, _Traits>& __out, const _CharT* __s)
     ^
/usr/include/c++/4.8/ostream:513:5: note:   template argument deduction/substitution failed:
../src/World.cpp:18:26: note:   mismatched types ‘const _CharT*’ and ‘__gnu_cxx::__normal_iterator<int*, std::vector<int> >’
      std::cout << ' ' << it;
                          ^
In file included from /usr/include/c++/4.8/ostream:612:0,
                 from /usr/include/c++/4.8/iostream:39,
                 from ../src/World.cpp:9:
/usr/include/c++/4.8/bits/ostream.tcc:321:5: note: template<class _CharT, class _Traits> std::basic_ostream<_CharT, _Traits>& std::operator<<(std::basic_ostream<_CharT, _Traits>&, const char*)
     operator<<(basic_ostream<_CharT, _Traits>& __out, const char* __s)
     ^
/usr/include/c++/4.8/bits/ostream.tcc:321:5: note:   template argument deduction/substitution failed:
../src/World.cpp:18:26: note:   cannot convert ‘it’ (type ‘std::vector<int>::iterator {aka __gnu_cxx::__normal_iterator<int*, std::vector<int> >}’) to type ‘const char*’
      std::cout << ' ' << it;
                          ^
In file included from /usr/include/c++/4.8/iostream:39:0,
                 from ../src/World.cpp:9:
/usr/include/c++/4.8/ostream:530:5: note: template<class _Traits> std::basic_ostream<char, _Traits>& std::operator<<(std::basic_ostream<char, _Traits>&, const char*)
     operator<<(basic_ostream<char, _Traits>& __out, const char* __s)
     ^
/usr/include/c++/4.8/ostream:530:5: note:   template argument deduction/substitution failed:
../src/World.cpp:18:26: note:   cannot convert ‘it’ (type ‘std::vector<int>::iterator {aka __gnu_cxx::__normal_iterator<int*, std::vector<int> >}’) to type ‘const char*’
      std::cout << ' ' << it;
                          ^
In file included from /usr/include/c++/4.8/iostream:39:0,
                 from ../src/World.cpp:9:
/usr/include/c++/4.8/ostream:543:5: note: template<class _Traits> std::basic_ostream<char, _Traits>& std::operator<<(std::basic_ostream<char, _Traits>&, const signed char*)
     operator<<(basic_ostream<char, _Traits>& __out, const signed char* __s)
     ^
/usr/include/c++/4.8/ostream:543:5: note:   template argument deduction/substitution failed:
../src/World.cpp:18:26: note:   cannot convert ‘it’ (type ‘std::vector<int>::iterator {aka __gnu_cxx::__normal_iterator<int*, std::vector<int> >}’) to type ‘const signed char*’
      std::cout << ' ' << it;
                          ^
In file included from /usr/include/c++/4.8/iostream:39:0,
                 from ../src/World.cpp:9:
/usr/include/c++/4.8/ostream:548:5: note: template<class _Traits> std::basic_ostream<char, _Traits>& std::operator<<(std::basic_ostream<char, _Traits>&, const unsigned char*)
     operator<<(basic_ostream<char, _Traits>& __out, const unsigned char* __s)
     ^
/usr/include/c++/4.8/ostream:548:5: note:   template argument deduction/substitution failed:
../src/World.cpp:18:26: note:   cannot convert ‘it’ (type ‘std::vector<int>::iterator {aka __gnu_cxx::__normal_iterator<int*, std::vector<int> >}’) to type ‘const unsigned char*’
      std::cout << ' ' << it;
                          ^
make: *** [src/World.o] Error 1
23:44:30 **** Incremental Build of configuration Debug for project World ****
make all 
Building file: ../src/World.cpp
Invoking: GCC C++ Compiler
g++ -O0 -g3 -Wall -c -fmessage-length=0 -MMD -MP -MF"src/World.d" -MT"src/World.d" -o "src/World.o" "../src/World.cpp"
Finished building: ../src/World.cpp
 
Building target: World
Invoking: GCC C++ Linker
g++  -o "World"  ./src/World.o   
Finished building target: World
 
